<?xml version="1.0" encoding="UTF-8"?>
<testsuites name="Test suite trial 1" time="14" tests="1" failures="0" errors="0">
   <testsuite name="Test suite trial 1" tests="1" failures="0" errors="0" time="14" timestamp="2019-03-06 14:25:38" hostname="jacka - LAPTOP-KFFRJLG9" id="Test Suites/Test suite trial 1">
      <properties>
         <property name="deviceName" value=""/>
         <property name="devicePlatform" value=""/>
         <property name="logFolder" value="C:\\Users\\jacka\\git\\katalon-trial\\Reports\\Test suite trial 1\\20190306_142535"/>
         <property name="logFiles" value="C:\\Users\\jacka\\git\\katalon-trial\\Reports\\Test suite trial 1\\20190306_142535\\execution0.log"/>
         <property name="attachments" value=""/>
         <property name="hostName" value="jacka - LAPTOP-KFFRJLG9"/>
         <property name="os" value="Windows 10 64bit"/>
         <property name="katalonVersion" value="6.0.5.10"/>
         <property name="browser" value="Firefox 65.0"/>
         <property name="hostAddress" value="10.10.223.32"/>
         <property name="sessionId" value="bbfb205a-d3ec-401f-9b74-dbe2e1dcb80d"/>
         <property name="seleniumVersion" value="3.7.1"/>
         <property name="proxyInformation" value="ProxyInformation{proxyOption=NO_PROXY, proxyServerType=HTTP, password=, proxyServerAddress=, proxyServerPort=0}"/>
         <property name="platform" value="Windows 10"/>
      </properties>
      <testcase name="Test Cases/Trial1" classname="Test Cases/Trial1" status="PASSED">
         <system-out><![CDATA[2019-03-06 14:25:38 - [TEST_CASE][PASSED] - Test Cases/Trial1: Test Cases/Trial1

2019-03-06 14:25:39 - [TEST_STEP][PASSED] - openBrowser("https://www.tg9demo.com/#/home"): Browser is opened with url: 'https://www.tg9demo.com/#/home'

2019-03-06 14:25:39 - [MESSAGE][INFO] - Starting 'Firefox' driver

2019-03-06 14:25:39 - [MESSAGE][INFO] - Action delay is set to 0 seconds

2019-03-06 14:25:45 - [MESSAGE][PASSED] - Browser is opened with url: 'https://www.tg9demo.com/#/home'

2019-03-06 14:25:45 - [TEST_STEP][PASSED] - click(findTestObject("Page_TG/pop_up_dialog_delete")): Object: 'Object Repository/Page_TG/pop_up_dialog_delete' is clicked on

2019-03-06 14:25:45 - [MESSAGE][PASSED] - Object: 'Object Repository/Page_TG/pop_up_dialog_delete' is clicked on

2019-03-06 14:25:45 - [TEST_STEP][PASSED] - maximizeWindow(): Current window maximized

2019-03-06 14:25:45 - [MESSAGE][PASSED] - Current window maximized

2019-03-06 14:25:45 - [TEST_STEP][PASSED] - waitForElementVisible(findTestObject("Page_TG/input_login_password"), 0): Object 'Object Repository/Page_TG/input_login_password' is visible

2019-03-06 14:25:45 - [MESSAGE][WARNING] - Timeout '0' is invalid. Using default page load timeout: '30'

2019-03-06 14:25:46 - [MESSAGE][PASSED] - Object 'Object Repository/Page_TG/input_login_password' is visible

2019-03-06 14:25:46 - [TEST_STEP][PASSED] - setText(findTestObject("Page_TG/input_login_username"), "Test 1234"): Text 'Test 1234' is set on object 'Object Repository/Page_TG/input_login_username'

2019-03-06 14:25:46 - [MESSAGE][PASSED] - Text 'Test 1234' is set on object 'Object Repository/Page_TG/input_login_username'

2019-03-06 14:25:46 - [TEST_STEP][PASSED] - setText(findTestObject("Page_TG/input_login_password"), "Password 5678"): Text 'Password 5678' is set on object 'Object Repository/Page_TG/input_login_password'

2019-03-06 14:25:46 - [MESSAGE][PASSED] - Text 'Password 5678' is set on object 'Object Repository/Page_TG/input_login_password'

2019-03-06 14:25:46 - [TEST_STEP][PASSED] - click(findTestObject("Page_TG/login_btn")): Object: 'Object Repository/Page_TG/login_btn' is clicked on

2019-03-06 14:25:46 - [MESSAGE][PASSED] - Object: 'Object Repository/Page_TG/login_btn' is clicked on

2019-03-06 14:25:46 - [TEST_STEP][PASSED] - waitForElementPresent(findTestObject("Page_TG/p_"), 10): Object 'Object Repository/Page_TG/p_' is present

2019-03-06 14:25:46 - [MESSAGE][PASSED] - Object 'Object Repository/Page_TG/p_' is present

2019-03-06 14:25:46 - [TEST_STEP][PASSED] - delay(5): Delayed 5 second(s)

2019-03-06 14:25:51 - [MESSAGE][PASSED] - Delayed 5 second(s)

2019-03-06 14:25:51 - [TEST_STEP][PASSED] - closeBrowser(): Browser is closed

2019-03-06 14:25:52 - [MESSAGE][PASSED] - Browser is closed]]></system-out>
         <system-err><![CDATA[]]></system-err>
      </testcase>
      <system-out><![CDATA[2019-03-06 14:25:38 - [TEST_SUITE][PASSED] - Test suite trial 1: Test Cases/Trial1]]></system-out>
      <system-err><![CDATA[]]></system-err>
   </testsuite>
</testsuites>
